STEP translation to Solid Edge
Date: Tuesday,January 13,2026 01:09PM
Source File: C:\dev\git\AirQ\kicad\AirCube.step
Author: Pcbnew
Organization: Kicad
Source System: KiCad to STEP converter

Hardware:
Processor: AMD Ryzen 9 7900X 12-Core Processor            
Operating System: Windows 11 Professional Version:25H2 Build:26200 System Type:64-bit
Installed Memory: 31.12 GB

Software Information
Parasolid Version: 37.0.118
PSBodyShop Version: 37.0.94
Step Adapter Version: 15.0.142
Solid Edge Version: 225.00.00.114 x64

Step Import Options
Import Faceted Bodies: On
Import Check Bodies: Off
Import Curves: On
Import DoNotSave: On
Import Multiple Bodies As Single Part File: On
Import Optimize:Off
Import Stitch Surfaces: On
Import Boolean Solids: On
Make Base Feature: On
Simplify Geometry: On
Import Imprint Curves: On
Import Drive: C:
Import Stitch Surfaces: On
Import Surfaces: On
Import Output Path: C:\dev\git\AirQ\kicad
Import Enable Default Output Path: On
Import PMI: Off
Import As Internal Components: Off
Import Path: 

Translating to Parasolid data types...
+Begin Assembly: 1
+Created SE Assembly File C:\dev\git\AirQ\kicad\AirCube.asm
|--+Created SE Part File C:\dev\git\AirQ\kicad\R_0603_1608Metric.par
|--+Created SE Part File C:\dev\git\AirQ\kicad\C_0603_1608Metric.par
|--+Created SE Part File C:\dev\git\AirQ\kicad\IN-PI15_INL.par
|--+Reusing File C:\dev\git\AirQ\kicad\R_0603_1608Metric.par
|--+Reusing File C:\dev\git\AirQ\kicad\C_0603_1608Metric.par
|--+Reusing File C:\dev\git\AirQ\kicad\C_0603_1608Metric.par
|--+Reusing File C:\dev\git\AirQ\kicad\R_0603_1608Metric.par
|--+Reusing File C:\dev\git\AirQ\kicad\R_0603_1608Metric.par
|--+Reusing File C:\dev\git\AirQ\kicad\R_0603_1608Metric.par
|--+Reusing File C:\dev\git\AirQ\kicad\C_0603_1608Metric.par
|--+Reusing File C:\dev\git\AirQ\kicad\C_0603_1608Metric.par
|--+Created SE Part File C:\dev\git\AirQ\kicad\SOT-23.par
|--+Created SE Part File C:\dev\git\AirQ\kicad\D_SOD-523.par
|--+Reusing File C:\dev\git\AirQ\kicad\C_0603_1608Metric.par
|--+Reusing File C:\dev\git\AirQ\kicad\R_0603_1608Metric.par
|--+Reusing File C:\dev\git\AirQ\kicad\C_0603_1608Metric.par
|--+Reusing File C:\dev\git\AirQ\kicad\C_0603_1608Metric.par
|--+Reusing File C:\dev\git\AirQ\kicad\R_0603_1608Metric.par
|--+Reusing File C:\dev\git\AirQ\kicad\R_0603_1608Metric.par
|--+Reusing File C:\dev\git\AirQ\kicad\C_0603_1608Metric.par
|--+Reusing File C:\dev\git\AirQ\kicad\C_0603_1608Metric.par
|--+Reusing File C:\dev\git\AirQ\kicad\C_0603_1608Metric.par
|--+Reusing File C:\dev\git\AirQ\kicad\R_0603_1608Metric.par
|--+Reusing File C:\dev\git\AirQ\kicad\R_0603_1608Metric.par
|--+Reusing File C:\dev\git\AirQ\kicad\C_0603_1608Metric.par
|--+Reusing File C:\dev\git\AirQ\kicad\R_0603_1608Metric.par
|--+Reusing File C:\dev\git\AirQ\kicad\R_0603_1608Metric.par
|--+Reusing File C:\dev\git\AirQ\kicad\C_0603_1608Metric.par
|--+Reusing File C:\dev\git\AirQ\kicad\C_0603_1608Metric.par
|--+Reusing File C:\dev\git\AirQ\kicad\SOT-23.par
|--+Reusing File C:\dev\git\AirQ\kicad\C_0603_1608Metric.par
|--+Reusing File C:\dev\git\AirQ\kicad\IN-PI15_INL.par
|--+Reusing File C:\dev\git\AirQ\kicad\IN-PI15_INL.par
|--+Reusing File C:\dev\git\AirQ\kicad\R_0603_1608Metric.par
|--+Reusing File C:\dev\git\AirQ\kicad\C_0603_1608Metric.par
|--+Reusing File C:\dev\git\AirQ\kicad\R_0603_1608Metric.par
|--+Created SE Part File C:\dev\git\AirQ\kicad\AirCube_PCB.par
+Total Parts: 63
+Assemblies: 0
+Solid Bodies: 63
+Sheet Bodies: 0
+End Assembly: 1
Translation process completed
Total time required to translate and post process:00 : 00 : 01
