STEP translation to Solid Edge
Date: Tuesday,January 13,2026 05:49PM
Source File: C:\dev\git\AirQ\mechanical\AirCube bottom_prod_12-11.step
Author: Unknown
Organization: Unknown
Source System: Autodesk Translation Framework v14.21.0.0

Hardware:
Processor: AMD Ryzen 9 7900X 12-Core Processor            
Operating System: Windows 11 Professional Version:25H2 Build:26200 System Type:64-bit
Installed Memory: 31.12 GB

Software Information
Parasolid Version: 37.0.118
PSBodyShop Version: 37.0.94
Step Adapter Version: 15.0.142
Solid Edge Version: 225.00.00.114 x64

Step Import Options
Import Faceted Bodies: On
Import Check Bodies: Off
Import Curves: On
Import DoNotSave: On
Import Multiple Bodies As Single Part File: On
Import Optimize:Off
Import Stitch Surfaces: On
Import Boolean Solids: On
Make Base Feature: On
Simplify Geometry: On
Import Imprint Curves: On
Import Drive: C:
Import Stitch Surfaces: On
Import Surfaces: On
Import Output Path: C:\dev\git\AirQ\mechanical
Import Enable Default Output Path: On
Import PMI: Off
Import As Internal Components: Off
Import Path: 

Translating to Parasolid data types...
Translation process completed
Total time required to translate and post process:00 : 00 : 00
